0 1
8 1
16 1
72 1
80 1
0 2
16 2
32 2
2 3
10 3
26 3
34 3
58 3
98 3
0 4
1 4
5 4
9 4
32 4
37 4
41 4
45 4
64 4
81 4
109 4
0 5
8 5
40 5
80 5
4 6
20 6
52 6
68 6
2 7
18 7
58 7
90 7
0 8
1 8
2 8
9 8
10 8
18 8
29 8
37 8
45 8
64 8
65 8
73 8
74 8
81 8
82 8
90 8
101 8
109 8
0 9
8 9
16 9
32 9
40 9
64 9
72 9
80 9
0 10
16 10
80 10
18 11
50 11
106 11
1 12
5 12
8 12
13 12
17 12
25 12
29 12
37 12
40 12
41 12
49 12
61 12
73 12
85 12
89 12
101 12
104 12
0 13
32 13
72 13
104 13
136 13
4 14
36 14
2 15
10 15
34 15
50 15
74 15
98 15
0 16
2 16
4 16
9 16
13 16
18 16
20 16
29 16
36 16
49 16
58 16
65 16
74 16
81 16
85 16
0 17
64 17
72 17
128 17
0 18
16 18
32 18
64 18
80 18
26 19
34 19
90 19
98 19
162 19
0 20
5 20
9 20
25 20
32 20
41 20
45 20
61 20
8 21
16 21
32 21
40 21
64 21
36 22
18 23
26 23
58 23
90 23
1 24
2 24
5 24
10 24
13 24
16 24
17 24
25 24
26 24
34 24
37 24
41 24
49 24
50 24
58 24
61 24
65 24
80 24
82 24
101 24
0 25
40 25
0 26
64 26
10 27
18 27
26 27
74 27
82 27
8 28
9 28
17 28
25 28
45 28
53 28
61 28
72 28
89 28
0 29
16 29
32 29
72 29
4 30
20 30
68 30
10 31
18 31
0 32
4 32
8 32
9 32
17 32
18 32
26 32
36 32
40 32
49 32
53 32
72 32
81 32
85 32
98 32
117 32
8 33
16 33
32 33
40 33
64 33
0 34
2 35
10 35
0 36
1 36
9 36
13 36
17 36
25 36
29 36
32 36
37 36
45 36
53 36
64 36
73 36
109 36
128 36
0 37
8 37
16 37
52 38
2 39
26 39
50 39
58 39
0 40
1 40
5 40
9 40
10 40
18 40
45 40
50 40
0 41
8 41
16 42
32 42
18 43
1 44
9 44
29 44
37 44
0 45
8 45
16 45
40 45
72 45
36 46
34 47
1 48
2 48
4 48
5 48
10 48
13 48
17 48
20 48
32 48
34 48
49 48
53 48
68 48
0 49
32 49
64 49
0 50
2 51
34 51
98 51
0 52
9 52
13 52
45 52
0 53
20 54
18 55
26 55
90 55
5 56
16 56
18 56
50 56
16 57
0 58
5 60
8 60
25 60
29 60
40 61
2 63
10 63
0 64
8 64
17 64
34 64
36 64
53 64
72 64
0 65
32 65
32 66
0 68
13 68
45 68
1 72
18 72
37 72
16 73
16 74
50 75
8 77
2 80
0 81
0 82
34 83
13 84
32 84
26 87
18 91
8 96
2 99
0 100
